# JRE version: OpenJDK Runtime Environment (18.0+36) (build 18+36-2087)
# Java VM: OpenJDK 64-Bit Server VM (18+36-2087, mixed mode, emulated-client, sharing, tiered, compressed oops, compressed class ptrs, g1 gc, windows-amd64)
GC Precious Log:
 CardTable entry size: 512
 Card Set container configuration: InlinePtr #cards 5 size 8 Array Of Cards #cards 12 size 40 Howl #buckets 4 coarsen threshold 1843 Howl Bitmap #cards 512 size 80 coarsen threshold 460 Card regions per heap region 1 cards per card region 2048
 CPUs: 4 total, 4 available
 Memory: 8038M
 Large Page Support: Disabled
 NUMA Support: Disabled
 Compressed Oops: Enabled (32-bit)
 Heap Region Size: 1M
 Heap Min Capacity: 8M
 Heap Initial Capacity: 126M
 Heap Max Capacity: 2010M
 Pre-touch: Disabled
 Parallel Workers: 4
 Concurrent Workers: 1
 Concurrent Refinement Workers: 4
 Periodic GC: Disabled
Heap:
 garbage-first heap   total 129024K, used 59772K [0x0000000082600000, 0x0000000100000000)
  region size 1024K, 54 young (55296K), 3 survivors (3072K)
 Metaspace       used 18692K, committed 19008K, reserved 1114112K
  class space    used 2454K, committed 2624K, reserved 1048576K
GC Heap History (6 events):
Event: 2.724 GC heap before
{Heap before GC invocations=0 (full 0):
 garbage-first heap   total 129024K, used 13312K [0x0000000082600000, 0x0000000100000000)
  region size 1024K, 13 young (13312K), 0 survivors (0K)
 Metaspace       used 5480K, committed 5632K, reserved 1114112K
  class space    used 624K, committed 704K, reserved 1048576K
}
Event: 2.761 GC heap after
{Heap after GC invocations=1 (full 0):
 garbage-first heap   total 129024K, used 7080K [0x0000000082600000, 0x0000000100000000)
  region size 1024K, 2 young (2048K), 2 survivors (2048K)
 Metaspace       used 5480K, committed 5632K, reserved 1114112K
  class space    used 624K, committed 704K, reserved 1048576K
}
Event: 3.140 GC heap before
{Heap before GC invocations=1 (full 0):
 garbage-first heap   total 129024K, used 13224K [0x0000000082600000, 0x0000000100000000)
  region size 1024K, 9 young (9216K), 2 survivors (2048K)
 Metaspace       used 6876K, committed 7104K, reserved 1114112K
  class space    used 804K, committed 896K, reserved 1048576K
}
Event: 3.146 GC heap after
{Heap after GC invocations=2 (full 0):
 garbage-first heap   total 129024K, used 8266K [0x0000000082600000, 0x0000000100000000)
  region size 1024K, 1 young (1024K), 1 survivors (1024K)
 Metaspace       used 6876K, committed 7104K, reserved 1114112K
  class space    used 804K, committed 896K, reserved 1048576K
}
Event: 4.300 GC heap before
{Heap before GC invocations=2 (full 0):
 garbage-first heap   total 129024K, used 28746K [0x0000000082600000, 0x0000000100000000)
  region size 1024K, 22 young (22528K), 1 survivors (1024K)
 Metaspace       used 11248K, committed 11584K, reserved 1114112K
  class space    used 1451K, committed 1600K, reserved 1048576K
}
Event: 4.305 GC heap after
{Heap after GC invocations=3 (full 0):
 garbage-first heap   total 129024K, used 9596K [0x0000000082600000, 0x0000000100000000)
  region size 1024K, 3 young (3072K), 3 survivors (3072K)
 Metaspace       used 11248K, committed 11584K, reserved 1114112K
  class space    used 1451K, committed 1600K, reserved 1048576K
}

