# JRE version: OpenJDK Runtime Environment (18.0+36) (build 18+36-2087)
# Java VM: OpenJDK 64-Bit Server VM (18+36-2087, mixed mode, emulated-client, sharing, tiered, compressed oops, compressed class ptrs, g1 gc, windows-amd64)
GC Precious Log:
 CardTable entry size: 512
 Card Set container configuration: InlinePtr #cards 5 size 8 Array Of Cards #cards 12 size 40 Howl #buckets 4 coarsen threshold 1843 Howl Bitmap #cards 512 size 80 coarsen threshold 460 Card regions per heap region 1 cards per card region 2048
 CPUs: 4 total, 4 available
 Memory: 8038M
 Large Page Support: Disabled
 NUMA Support: Disabled
 Compressed Oops: Enabled (32-bit)
 Heap Region Size: 1M
 Heap Min Capacity: 8M
 Heap Initial Capacity: 126M
 Heap Max Capacity: 2010M
 Pre-touch: Disabled
 Parallel Workers: 4
 Concurrent Workers: 1
 Concurrent Refinement Workers: 4
 Periodic GC: Disabled
Heap:
 garbage-first heap   total 65536K, used 22629K [0x0000000082600000, 0x0000000100000000)
  region size 1024K, 3 young (3072K), 3 survivors (3072K)
 Metaspace       used 44557K, committed 45056K, reserved 1114112K
  class space    used 6024K, committed 6272K, reserved 1048576K
GC Heap History (20 events):
Event: 1.588 GC heap after
{Heap after GC invocations=1 (full 0):
 garbage-first heap   total 129024K, used 6608K [0x0000000082600000, 0x0000000100000000)
  region size 1024K, 2 young (2048K), 2 survivors (2048K)
 Metaspace       used 5373K, committed 5568K, reserved 1114112K
  class space    used 616K, committed 704K, reserved 1048576K
}
Event: 1.951 GC heap before
{Heap before GC invocations=1 (full 0):
 garbage-first heap   total 129024K, used 12752K [0x0000000082600000, 0x0000000100000000)
  region size 1024K, 9 young (9216K), 2 survivors (2048K)
 Metaspace       used 6619K, committed 6848K, reserved 1114112K
  class space    used 776K, committed 896K, reserved 1048576K
}
Event: 1.955 GC heap after
{Heap after GC invocations=2 (full 0):
 garbage-first heap   total 129024K, used 7383K [0x0000000082600000, 0x0000000100000000)
  region size 1024K, 1 young (1024K), 1 survivors (1024K)
 Metaspace       used 6619K, committed 6848K, reserved 1114112K
  class space    used 776K, committed 896K, reserved 1048576K
}
Event: 2.937 GC heap before
{Heap before GC invocations=2 (full 0):
 garbage-first heap   total 129024K, used 32983K [0x0000000082600000, 0x0000000100000000)
  region size 1024K, 27 young (27648K), 1 survivors (1024K)
 Metaspace       used 12342K, committed 12608K, reserved 1114112K
  class space    used 1579K, committed 1728K, reserved 1048576K
}
Event: 2.941 GC heap after
{Heap after GC invocations=3 (full 0):
 garbage-first heap   total 129024K, used 9073K [0x0000000082600000, 0x0000000100000000)
  region size 1024K, 3 young (3072K), 3 survivors (3072K)
 Metaspace       used 12342K, committed 12608K, reserved 1114112K
  class space    used 1579K, committed 1728K, reserved 1048576K
}
Event: 5.705 GC heap before
{Heap before GC invocations=3 (full 0):
 garbage-first heap   total 129024K, used 70513K [0x0000000082600000, 0x0000000100000000)
  region size 1024K, 65 young (66560K), 3 survivors (3072K)
 Metaspace       used 21149K, committed 21504K, reserved 1114112K
  class space    used 2834K, committed 3008K, reserved 1048576K
}
Event: 5.714 GC heap after
{Heap after GC invocations=4 (full 0):
 garbage-first heap   total 129024K, used 14019K [0x0000000082600000, 0x0000000100000000)
  region size 1024K, 7 young (7168K), 7 survivors (7168K)
 Metaspace       used 21149K, committed 21504K, reserved 1114112K
  class space    used 2834K, committed 3008K, reserved 1048576K
}
Event: 6.927 GC heap before
{Heap before GC invocations=5 (full 0):
 garbage-first heap   total 51200K, used 50883K [0x0000000082600000, 0x0000000100000000)
  region size 1024K, 43 young (44032K), 7 survivors (7168K)
 Metaspace       used 27347K, committed 27776K, reserved 1114112K
  class space    used 3531K, committed 3712K, reserved 1048576K
}
Event: 6.940 GC heap after
{Heap after GC invocations=6 (full 0):
 garbage-first heap   total 62464K, used 17577K [0x0000000082600000, 0x0000000100000000)
  region size 1024K, 9 young (9216K), 9 survivors (9216K)
 Metaspace       used 27347K, committed 27776K, reserved 1114112K
  class space    used 3531K, committed 3712K, reserved 1048576K
}
Event: 6.976 GC heap before
{Heap before GC invocations=6 (full 0):
 garbage-first heap   total 62464K, used 18601K [0x0000000082600000, 0x0000000100000000)
  region size 1024K, 10 young (10240K), 9 survivors (9216K)
 Metaspace       used 27608K, committed 28032K, reserved 1114112K
  class space    used 3557K, committed 3776K, reserved 1048576K
}
Event: 6.983 GC heap after
{Heap after GC invocations=7 (full 0):
 garbage-first heap   total 62464K, used 18492K [0x0000000082600000, 0x0000000100000000)
  region size 1024K, 2 young (2048K), 2 survivors (2048K)
 Metaspace       used 27608K, committed 28032K, reserved 1114112K
  class space    used 3557K, committed 3776K, reserved 1048576K
}
Event: 8.062 GC heap before
{Heap before GC invocations=7 (full 0):
 garbage-first heap   total 62464K, used 43068K [0x0000000082600000, 0x0000000100000000)
  region size 1024K, 27 young (27648K), 2 survivors (2048K)
 Metaspace       used 34986K, committed 35392K, reserved 1114112K
  class space    used 4610K, committed 4800K, reserved 1048576K
}
Event: 8.065 GC heap after
{Heap after GC invocations=8 (full 0):
 garbage-first heap   total 62464K, used 18687K [0x0000000082600000, 0x0000000100000000)
  region size 1024K, 2 young (2048K), 2 survivors (2048K)
 Metaspace       used 34986K, committed 35392K, reserved 1114112K
  class space    used 4610K, committed 4800K, reserved 1048576K
}
Event: 8.176 GC heap before
{Heap before GC invocations=8 (full 0):
 garbage-first heap   total 62464K, used 20735K [0x0000000082600000, 0x0000000100000000)
  region size 1024K, 5 young (5120K), 2 survivors (2048K)
 Metaspace       used 35728K, committed 36096K, reserved 1114112K
  class space    used 4704K, committed 4864K, reserved 1048576K
}
Event: 8.178 GC heap after
{Heap after GC invocations=9 (full 0):
 garbage-first heap   total 62464K, used 18823K [0x0000000082600000, 0x0000000100000000)
  region size 1024K, 2 young (2048K), 2 survivors (2048K)
 Metaspace       used 35728K, committed 36096K, reserved 1114112K
  class space    used 4704K, committed 4864K, reserved 1048576K
}
Event: 8.966 GC heap before
{Heap before GC invocations=10 (full 0):
 garbage-first heap   total 62464K, used 45447K [0x0000000082600000, 0x0000000100000000)
  region size 1024K, 29 young (29696K), 2 survivors (2048K)
 Metaspace       used 40835K, committed 41280K, reserved 1114112K
  class space    used 5564K, committed 5760K, reserved 1048576K
}
Event: 8.974 GC heap after
{Heap after GC invocations=11 (full 0):
 garbage-first heap   total 62464K, used 20422K [0x0000000082600000, 0x0000000100000000)
  region size 1024K, 4 young (4096K), 4 survivors (4096K)
 Metaspace       used 40835K, committed 41280K, reserved 1114112K
  class space    used 5564K, committed 5760K, reserved 1048576K
}
Event: 8.999 GC heap before
{Heap before GC invocations=11 (full 0):
 garbage-first heap   total 62464K, used 21446K [0x0000000082600000, 0x0000000100000000)
  region size 1024K, 5 young (5120K), 4 survivors (4096K)
 Metaspace       used 40948K, committed 41344K, reserved 1114112K
  class space    used 5586K, committed 5760K, reserved 1048576K
}
Event: 9.005 GC heap after
{Heap after GC invocations=12 (full 0):
 garbage-first heap   total 62464K, used 20595K [0x0000000082600000, 0x0000000100000000)
  region size 1024K, 1 young (1024K), 1 survivors (1024K)
 Metaspace       used 40948K, committed 41344K, reserved 1114112K
  class space    used 5586K, committed 5760K, reserved 1048576K
}
Event: 83.019 GC heap before
{Heap before GC invocations=12 (full 0):
 garbage-first heap   total 62464K, used 47219K [0x0000000082600000, 0x0000000100000000)
  region size 1024K, 27 young (27648K), 1 survivors (1024K)
 Metaspace       used 44557K, committed 45056K, reserved 1114112K
  class space    used 6024K, committed 6272K, reserved 1048576K
}

